<?xml version="1.0" encoding="UTF-8"?>
<coverage generated="1759789897572" clover="3.2.0">
  <project timestamp="1759789897572" name="All files">
    <metrics statements="116" coveredstatements="101" conditionals="36" coveredconditionals="23" methods="25" coveredmethods="23" elements="177" coveredelements="147" complexity="0" loc="116" ncloc="116" packages="11" files="17" classes="17"/>
    <package name="src">
      <metrics statements="13" coveredstatements="9" conditionals="4" coveredconditionals="1" methods="1" coveredmethods="0"/>
      <file name="server.js" path="/Users/user/Desktop/CRUD NODE JS  (NIVEL SENIOR)/src/server.js">
        <metrics statements="13" coveredstatements="9" conditionals="4" coveredconditionals="1" methods="1" coveredmethods="0"/>
        <line num="11" count="1" type="stmt"/>
        <line num="13" count="1" type="stmt"/>
        <line num="16" count="1" type="stmt"/>
        <line num="17" count="1" type="stmt"/>
        <line num="18" count="1" type="stmt"/>
        <line num="19" count="1" type="stmt"/>
        <line num="22" count="1" type="stmt"/>
        <line num="25" count="1" type="stmt"/>
        <line num="28" count="1" type="cond" truecount="1" falsecount="1"/>
        <line num="29" count="0" type="stmt"/>
        <line num="30" count="0" type="cond" truecount="0" falsecount="2"/>
        <line num="31" count="0" type="stmt"/>
        <line num="32" count="0" type="stmt"/>
      </file>
    </package>
    <package name="src.config">
      <metrics statements="6" coveredstatements="1" conditionals="0" coveredconditionals="0" methods="1" coveredmethods="0"/>
      <file name="database.js" path="/Users/user/Desktop/CRUD NODE JS  (NIVEL SENIOR)/src/config/database.js">
        <metrics statements="6" coveredstatements="1" conditionals="0" coveredconditionals="0" methods="1" coveredmethods="0"/>
        <line num="4" count="1" type="stmt"/>
        <line num="5" count="0" type="stmt"/>
        <line num="6" count="0" type="stmt"/>
        <line num="9" count="0" type="stmt"/>
        <line num="11" count="0" type="stmt"/>
        <line num="12" count="0" type="stmt"/>
      </file>
    </package>
    <package name="src.constants">
      <metrics statements="3" coveredstatements="3" conditionals="0" coveredconditionals="0" methods="0" coveredmethods="0"/>
      <file name="httpStatus.js" path="/Users/user/Desktop/CRUD NODE JS  (NIVEL SENIOR)/src/constants/httpStatus.js">
        <metrics statements="1" coveredstatements="1" conditionals="0" coveredconditionals="0" methods="0" coveredmethods="0"/>
        <line num="2" count="1" type="stmt"/>
      </file>
      <file name="index.js" path="/Users/user/Desktop/CRUD NODE JS  (NIVEL SENIOR)/src/constants/index.js">
        <metrics statements="0" coveredstatements="0" conditionals="0" coveredconditionals="0" methods="0" coveredmethods="0"/>
      </file>
      <file name="messages.js" path="/Users/user/Desktop/CRUD NODE JS  (NIVEL SENIOR)/src/constants/messages.js">
        <metrics statements="1" coveredstatements="1" conditionals="0" coveredconditionals="0" methods="0" coveredmethods="0"/>
        <line num="2" count="1" type="stmt"/>
      </file>
      <file name="roles.js" path="/Users/user/Desktop/CRUD NODE JS  (NIVEL SENIOR)/src/constants/roles.js">
        <metrics statements="1" coveredstatements="1" conditionals="0" coveredconditionals="0" methods="0" coveredmethods="0"/>
        <line num="2" count="1" type="stmt"/>
      </file>
    </package>
    <package name="src.controllers">
      <metrics statements="31" coveredstatements="27" conditionals="6" coveredconditionals="5" methods="5" coveredmethods="5"/>
      <file name="userController.js" path="/Users/user/Desktop/CRUD NODE JS  (NIVEL SENIOR)/src/controllers/userController.js">
        <metrics statements="31" coveredstatements="27" conditionals="6" coveredconditionals="5" methods="5" coveredmethods="5"/>
        <line num="6" count="1" type="stmt"/>
        <line num="7" count="2" type="stmt"/>
        <line num="8" count="2" type="stmt"/>
        <line num="9" count="1" type="stmt"/>
        <line num="11" count="1" type="stmt"/>
        <line num="16" count="1" type="stmt"/>
        <line num="17" count="1" type="stmt"/>
        <line num="18" count="1" type="stmt"/>
        <line num="19" count="1" type="stmt"/>
        <line num="21" count="0" type="stmt"/>
        <line num="26" count="1" type="stmt"/>
        <line num="27" count="2" type="stmt"/>
        <line num="28" count="2" type="stmt"/>
        <line num="29" count="1" type="cond" truecount="1" falsecount="1"/>
        <line num="30" count="0" type="stmt"/>
        <line num="34" count="1" type="stmt"/>
        <line num="36" count="1" type="stmt"/>
        <line num="41" count="1" type="stmt"/>
        <line num="42" count="2" type="stmt"/>
        <line num="43" count="2" type="stmt"/>
        <line num="44" count="2" type="cond" truecount="2" falsecount="0"/>
        <line num="45" count="1" type="stmt"/>
        <line num="49" count="1" type="stmt"/>
        <line num="51" count="0" type="stmt"/>
        <line num="56" count="1" type="stmt"/>
        <line num="57" count="2" type="stmt"/>
        <line num="58" count="2" type="stmt"/>
        <line num="59" count="2" type="cond" truecount="2" falsecount="0"/>
        <line num="60" count="1" type="stmt"/>
        <line num="64" count="1" type="stmt"/>
        <line num="68" count="0" type="stmt"/>
      </file>
    </package>
    <package name="src.dtos.user">
      <metrics statements="11" coveredstatements="11" conditionals="6" coveredconditionals="3" methods="3" coveredmethods="3"/>
      <file name="userCreate.dto.js" path="/Users/user/Desktop/CRUD NODE JS  (NIVEL SENIOR)/src/dtos/user/userCreate.dto.js">
        <metrics statements="3" coveredstatements="3" conditionals="0" coveredconditionals="0" methods="1" coveredmethods="1"/>
        <line num="3" count="2" type="stmt"/>
        <line num="4" count="2" type="stmt"/>
        <line num="5" count="2" type="stmt"/>
      </file>
      <file name="userResponse.dto.js" path="/Users/user/Desktop/CRUD NODE JS  (NIVEL SENIOR)/src/dtos/user/userResponse.dto.js">
        <metrics statements="5" coveredstatements="5" conditionals="0" coveredconditionals="0" methods="1" coveredmethods="1"/>
        <line num="3" count="4" type="stmt"/>
        <line num="4" count="4" type="stmt"/>
        <line num="5" count="4" type="stmt"/>
        <line num="6" count="4" type="stmt"/>
        <line num="7" count="4" type="stmt"/>
      </file>
      <file name="userUpdate.dto.js" path="/Users/user/Desktop/CRUD NODE JS  (NIVEL SENIOR)/src/dtos/user/userUpdate.dto.js">
        <metrics statements="3" coveredstatements="3" conditionals="6" coveredconditionals="3" methods="1" coveredmethods="1"/>
        <line num="3" count="2" type="cond" truecount="1" falsecount="1"/>
        <line num="4" count="2" type="cond" truecount="1" falsecount="1"/>
        <line num="5" count="2" type="cond" truecount="1" falsecount="1"/>
      </file>
    </package>
    <package name="src.middlewares">
      <metrics statements="27" coveredstatements="25" conditionals="16" coveredconditionals="11" methods="4" coveredmethods="4"/>
      <file name="errorHandler.js" path="/Users/user/Desktop/CRUD NODE JS  (NIVEL SENIOR)/src/middlewares/errorHandler.js">
        <metrics statements="21" coveredstatements="19" conditionals="14" coveredconditionals="9" methods="2" coveredmethods="2"/>
        <line num="3" count="3" type="stmt"/>
        <line num="5" count="3" type="cond" truecount="2" falsecount="0"/>
        <line num="7" count="3" type="stmt"/>
        <line num="17" count="3" type="cond" truecount="2" falsecount="0"/>
        <line num="18" count="1" type="stmt"/>
        <line num="19" count="1" type="stmt"/>
        <line num="22" count="1" type="cond" truecount="1" falsecount="1"/>
        <line num="23" count="3" type="stmt"/>
        <line num="25" count="0" type="cond" truecount="0" falsecount="2"/>
        <line num="28" count="1" type="stmt"/>
        <line num="32" count="2" type="cond" truecount="2" falsecount="0"/>
        <line num="33" count="1" type="stmt"/>
        <line num="34" count="1" type="stmt"/>
        <line num="35" count="1" type="stmt"/>
        <line num="36" count="1" type="stmt"/>
        <line num="40" count="1" type="cond" truecount="1" falsecount="1"/>
        <line num="41" count="1" type="stmt"/>
        <line num="42" count="1" type="stmt"/>
        <line num="43" count="1" type="stmt"/>
        <line num="44" count="1" type="stmt"/>
        <line num="47" count="0" type="stmt"/>
      </file>
      <file name="validate.js" path="/Users/user/Desktop/CRUD NODE JS  (NIVEL SENIOR)/src/middlewares/validate.js">
        <metrics statements="6" coveredstatements="6" conditionals="2" coveredconditionals="2" methods="2" coveredmethods="2"/>
        <line num="1" count="1" type="stmt"/>
        <line num="2" count="3" type="stmt"/>
        <line num="3" count="3" type="cond" truecount="2" falsecount="0"/>
        <line num="5" count="1" type="stmt"/>
        <line num="6" count="1" type="stmt"/>
        <line num="8" count="2" type="stmt"/>
      </file>
    </package>
    <package name="src.models">
      <metrics statements="2" coveredstatements="2" conditionals="0" coveredconditionals="0" methods="0" coveredmethods="0"/>
      <file name="User.js" path="/Users/user/Desktop/CRUD NODE JS  (NIVEL SENIOR)/src/models/User.js">
        <metrics statements="2" coveredstatements="2" conditionals="0" coveredconditionals="0" methods="0" coveredmethods="0"/>
        <line num="3" count="1" type="stmt"/>
        <line num="12" count="1" type="stmt"/>
      </file>
    </package>
    <package name="src.repositories">
      <metrics statements="5" coveredstatements="5" conditionals="0" coveredconditionals="0" methods="5" coveredmethods="5"/>
      <file name="userRepository.js" path="/Users/user/Desktop/CRUD NODE JS  (NIVEL SENIOR)/src/repositories/userRepository.js">
        <metrics statements="5" coveredstatements="5" conditionals="0" coveredconditionals="0" methods="5" coveredmethods="5"/>
        <line num="6" count="2" type="stmt"/>
        <line num="10" count="1" type="stmt"/>
        <line num="14" count="2" type="stmt"/>
        <line num="18" count="2" type="stmt"/>
        <line num="26" count="2" type="stmt"/>
      </file>
    </package>
    <package name="src.routes">
      <metrics statements="6" coveredstatements="6" conditionals="0" coveredconditionals="0" methods="0" coveredmethods="0"/>
      <file name="userRoutes.js" path="/Users/user/Desktop/CRUD NODE JS  (NIVEL SENIOR)/src/routes/userRoutes.js">
        <metrics statements="6" coveredstatements="6" conditionals="0" coveredconditionals="0" methods="0" coveredmethods="0"/>
        <line num="7" count="1" type="stmt"/>
        <line num="10" count="1" type="stmt"/>
        <line num="11" count="1" type="stmt"/>
        <line num="12" count="1" type="stmt"/>
        <line num="15" count="1" type="stmt"/>
        <line num="17" count="1" type="stmt"/>
      </file>
    </package>
    <package name="src.services">
      <metrics statements="11" coveredstatements="11" conditionals="4" coveredconditionals="3" methods="6" coveredmethods="6"/>
      <file name="userService.js" path="/Users/user/Desktop/CRUD NODE JS  (NIVEL SENIOR)/src/services/userService.js">
        <metrics statements="11" coveredstatements="11" conditionals="4" coveredconditionals="3" methods="6" coveredmethods="6"/>
        <line num="8" count="2" type="stmt"/>
        <line num="9" count="2" type="stmt"/>
        <line num="10" count="1" type="stmt"/>
        <line num="14" count="1" type="stmt"/>
        <line num="15" count="1" type="stmt"/>
        <line num="19" count="2" type="stmt"/>
        <line num="20" count="1" type="cond" truecount="1" falsecount="1"/>
        <line num="24" count="2" type="stmt"/>
        <line num="25" count="2" type="stmt"/>
        <line num="26" count="2" type="cond" truecount="2" falsecount="0"/>
        <line num="30" count="2" type="stmt"/>
      </file>
    </package>
    <package name="src.validations">
      <metrics statements="1" coveredstatements="1" conditionals="0" coveredconditionals="0" methods="0" coveredmethods="0"/>
      <file name="userValidation.js" path="/Users/user/Desktop/CRUD NODE JS  (NIVEL SENIOR)/src/validations/userValidation.js">
        <metrics statements="1" coveredstatements="1" conditionals="0" coveredconditionals="0" methods="0" coveredmethods="0"/>
        <line num="3" count="1" type="stmt"/>
      </file>
    </package>
  </project>
</coverage>
