{
  "/Users/user/Desktop/CRUD NODE JS  (NIVEL SENIOR)/src/server.js": {
    "path": "/Users/user/Desktop/CRUD NODE JS  (NIVEL SENIOR)/src/server.js",
    "statementMap": {
      "0": {
        "start": { "line": 11, "column": 0 },
        "end": { "line": 11, "column": 16 }
      },
      "1": {
        "start": { "line": 13, "column": 12 },
        "end": { "line": 13, "column": 21 }
      },
      "2": {
        "start": { "line": 16, "column": 0 },
        "end": { "line": 16, "column": 18 }
      },
      "3": {
        "start": { "line": 17, "column": 0 },
        "end": { "line": 17, "column": 16 }
      },
      "4": {
        "start": { "line": 18, "column": 0 },
        "end": { "line": 18, "column": 24 }
      },
      "5": {
        "start": { "line": 19, "column": 0 },
        "end": { "line": 19, "column": 23 }
      },
      "6": {
        "start": { "line": 22, "column": 0 },
        "end": { "line": 22, "column": 34 }
      },
      "7": {
        "start": { "line": 25, "column": 0 },
        "end": { "line": 25, "column": 22 }
      },
      "8": {
        "start": { "line": 28, "column": 0 },
        "end": { "line": 34, "column": 1 }
      },
      "9": {
        "start": { "line": 29, "column": 2 },
        "end": { "line": 29, "column": 14 }
      },
      "10": {
        "start": { "line": 30, "column": 15 },
        "end": { "line": 30, "column": 39 }
      },
      "11": {
        "start": { "line": 31, "column": 2 },
        "end": { "line": 33, "column": 5 }
      },
      "12": {
        "start": { "line": 32, "column": 4 },
        "end": { "line": 32, "column": 56 }
      }
    },
    "fnMap": {
      "0": {
        "name": "(anonymous_0)",
        "decl": {
          "start": { "line": 31, "column": 19 },
          "end": { "line": 31, "column": 20 }
        },
        "loc": {
          "start": { "line": 31, "column": 25 },
          "end": { "line": 33, "column": 3 }
        },
        "line": 31
      }
    },
    "branchMap": {
      "0": {
        "loc": {
          "start": { "line": 28, "column": 0 },
          "end": { "line": 34, "column": 1 }
        },
        "type": "if",
        "locations": [
          {
            "start": { "line": 28, "column": 0 },
            "end": { "line": 34, "column": 1 }
          },
          { "start": {}, "end": {} }
        ],
        "line": 28
      },
      "1": {
        "loc": {
          "start": { "line": 30, "column": 15 },
          "end": { "line": 30, "column": 39 }
        },
        "type": "binary-expr",
        "locations": [
          {
            "start": { "line": 30, "column": 15 },
            "end": { "line": 30, "column": 31 }
          },
          {
            "start": { "line": 30, "column": 35 },
            "end": { "line": 30, "column": 39 }
          }
        ],
        "line": 30
      }
    },
    "s": {
      "0": 1,
      "1": 1,
      "2": 1,
      "3": 1,
      "4": 1,
      "5": 1,
      "6": 1,
      "7": 1,
      "8": 1,
      "9": 0,
      "10": 0,
      "11": 0,
      "12": 0
    },
    "f": { "0": 0 },
    "b": { "0": [0, 1], "1": [0, 0] },
    "inputSourceMap": null,
    "_coverageSchema": "1a1c01bbd47fc00a2c39e90264f33305004495a9",
    "hash": "c4e0bb7dad6b0518b36e5cdffdb9303db4aaf71f"
  },
  "/Users/user/Desktop/CRUD NODE JS  (NIVEL SENIOR)/src/config/database.js": {
    "path": "/Users/user/Desktop/CRUD NODE JS  (NIVEL SENIOR)/src/config/database.js",
    "statementMap": {
      "0": {
        "start": { "line": 4, "column": 18 },
        "end": { "line": 14, "column": 1 }
      },
      "1": {
        "start": { "line": 5, "column": 2 },
        "end": { "line": 13, "column": 3 }
      },
      "2": {
        "start": { "line": 6, "column": 4 },
        "end": { "line": 8, "column": 7 }
      },
      "3": {
        "start": { "line": 9, "column": 4 },
        "end": { "line": 9, "column": 48 }
      },
      "4": {
        "start": { "line": 11, "column": 4 },
        "end": { "line": 11, "column": 65 }
      },
      "5": {
        "start": { "line": 12, "column": 4 },
        "end": { "line": 12, "column": 20 }
      }
    },
    "fnMap": {
      "0": {
        "name": "(anonymous_0)",
        "decl": {
          "start": { "line": 4, "column": 18 },
          "end": { "line": 4, "column": 19 }
        },
        "loc": {
          "start": { "line": 4, "column": 30 },
          "end": { "line": 14, "column": 1 }
        },
        "line": 4
      }
    },
    "branchMap": {},
    "s": { "0": 1, "1": 0, "2": 0, "3": 0, "4": 0, "5": 0 },
    "f": { "0": 0 },
    "b": {},
    "inputSourceMap": null,
    "_coverageSchema": "1a1c01bbd47fc00a2c39e90264f33305004495a9",
    "hash": "5920bee41b1baee332811cb17c3f0b90bb44f437"
  },
  "/Users/user/Desktop/CRUD NODE JS  (NIVEL SENIOR)/src/constants/httpStatus.js": {
    "path": "/Users/user/Desktop/CRUD NODE JS  (NIVEL SENIOR)/src/constants/httpStatus.js",
    "statementMap": {
      "0": {
        "start": { "line": 2, "column": 27 },
        "end": { "line": 12, "column": 1 }
      }
    },
    "fnMap": {},
    "branchMap": {},
    "s": { "0": 1 },
    "f": {},
    "b": {},
    "inputSourceMap": null,
    "_coverageSchema": "1a1c01bbd47fc00a2c39e90264f33305004495a9",
    "hash": "855f4be8a5ada2e6a8c4a8938e27f4598b0f12ad"
  },
  "/Users/user/Desktop/CRUD NODE JS  (NIVEL SENIOR)/src/constants/index.js": {
    "path": "/Users/user/Desktop/CRUD NODE JS  (NIVEL SENIOR)/src/constants/index.js",
    "statementMap": {},
    "fnMap": {},
    "branchMap": {},
    "s": {},
    "f": {},
    "b": {},
    "inputSourceMap": null,
    "_coverageSchema": "1a1c01bbd47fc00a2c39e90264f33305004495a9",
    "hash": "3dfd5e2f23462e79b08ac4a5f36e044f3c9eb9e7"
  },
  "/Users/user/Desktop/CRUD NODE JS  (NIVEL SENIOR)/src/constants/messages.js": {
    "path": "/Users/user/Desktop/CRUD NODE JS  (NIVEL SENIOR)/src/constants/messages.js",
    "statementMap": {
      "0": {
        "start": { "line": 2, "column": 24 },
        "end": { "line": 20, "column": 1 }
      }
    },
    "fnMap": {},
    "branchMap": {},
    "s": { "0": 1 },
    "f": {},
    "b": {},
    "inputSourceMap": null,
    "_coverageSchema": "1a1c01bbd47fc00a2c39e90264f33305004495a9",
    "hash": "77b6223c86e4bc9525949e2163a6a843575f918a"
  },
  "/Users/user/Desktop/CRUD NODE JS  (NIVEL SENIOR)/src/constants/roles.js": {
    "path": "/Users/user/Desktop/CRUD NODE JS  (NIVEL SENIOR)/src/constants/roles.js",
    "statementMap": {
      "0": {
        "start": { "line": 2, "column": 21 },
        "end": { "line": 6, "column": 1 }
      }
    },
    "fnMap": {},
    "branchMap": {},
    "s": { "0": 1 },
    "f": {},
    "b": {},
    "inputSourceMap": null,
    "_coverageSchema": "1a1c01bbd47fc00a2c39e90264f33305004495a9",
    "hash": "772d26564b0a77a3115c261aa046263c1d72477a"
  },
  "/Users/user/Desktop/CRUD NODE JS  (NIVEL SENIOR)/src/controllers/userController.js": {
    "path": "/Users/user/Desktop/CRUD NODE JS  (NIVEL SENIOR)/src/controllers/userController.js",
    "statementMap": {
      "0": {
        "start": { "line": 6, "column": 26 },
        "end": { "line": 13, "column": 1 }
      },
      "1": {
        "start": { "line": 7, "column": 2 },
        "end": { "line": 12, "column": 3 }
      },
      "2": {
        "start": { "line": 8, "column": 17 },
        "end": { "line": 8, "column": 55 }
      },
      "3": {
        "start": { "line": 9, "column": 4 },
        "end": { "line": 9, "column": 54 }
      },
      "4": {
        "start": { "line": 11, "column": 4 },
        "end": { "line": 11, "column": 21 }
      },
      "5": {
        "start": { "line": 16, "column": 24 },
        "end": { "line": 23, "column": 1 }
      },
      "6": {
        "start": { "line": 17, "column": 2 },
        "end": { "line": 22, "column": 3 }
      },
      "7": {
        "start": { "line": 18, "column": 18 },
        "end": { "line": 18, "column": 46 }
      },
      "8": {
        "start": { "line": 19, "column": 4 },
        "end": { "line": 19, "column": 50 }
      },
      "9": {
        "start": { "line": 21, "column": 4 },
        "end": { "line": 21, "column": 21 }
      },
      "10": {
        "start": { "line": 26, "column": 27 },
        "end": { "line": 38, "column": 1 }
      },
      "11": {
        "start": { "line": 27, "column": 2 },
        "end": { "line": 37, "column": 3 }
      },
      "12": {
        "start": { "line": 28, "column": 17 },
        "end": { "line": 28, "column": 61 }
      },
      "13": {
        "start": { "line": 29, "column": 4 },
        "end": { "line": 33, "column": 5 }
      },
      "14": {
        "start": { "line": 30, "column": 6 },
        "end": { "line": 32, "column": 52 }
      },
      "15": {
        "start": { "line": 34, "column": 4 },
        "end": { "line": 34, "column": 49 }
      },
      "16": {
        "start": { "line": 36, "column": 4 },
        "end": { "line": 36, "column": 21 }
      },
      "17": {
        "start": { "line": 41, "column": 26 },
        "end": { "line": 53, "column": 1 }
      },
      "18": {
        "start": { "line": 42, "column": 2 },
        "end": { "line": 52, "column": 3 }
      },
      "19": {
        "start": { "line": 43, "column": 17 },
        "end": { "line": 43, "column": 70 }
      },
      "20": {
        "start": { "line": 44, "column": 4 },
        "end": { "line": 48, "column": 5 }
      },
      "21": {
        "start": { "line": 45, "column": 6 },
        "end": { "line": 47, "column": 52 }
      },
      "22": {
        "start": { "line": 49, "column": 4 },
        "end": { "line": 49, "column": 49 }
      },
      "23": {
        "start": { "line": 51, "column": 4 },
        "end": { "line": 51, "column": 21 }
      },
      "24": {
        "start": { "line": 56, "column": 26 },
        "end": { "line": 70, "column": 1 }
      },
      "25": {
        "start": { "line": 57, "column": 2 },
        "end": { "line": 69, "column": 3 }
      },
      "26": {
        "start": { "line": 58, "column": 19 },
        "end": { "line": 58, "column": 62 }
      },
      "27": {
        "start": { "line": 59, "column": 4 },
        "end": { "line": 63, "column": 5 }
      },
      "28": {
        "start": { "line": 60, "column": 6 },
        "end": { "line": 62, "column": 52 }
      },
      "29": {
        "start": { "line": 64, "column": 4 },
        "end": { "line": 66, "column": 63 }
      },
      "30": {
        "start": { "line": 68, "column": 4 },
        "end": { "line": 68, "column": 21 }
      }
    },
    "fnMap": {
      "0": {
        "name": "(anonymous_0)",
        "decl": {
          "start": { "line": 6, "column": 26 },
          "end": { "line": 6, "column": 27 }
        },
        "loc": {
          "start": { "line": 6, "column": 52 },
          "end": { "line": 13, "column": 1 }
        },
        "line": 6
      },
      "1": {
        "name": "(anonymous_1)",
        "decl": {
          "start": { "line": 16, "column": 24 },
          "end": { "line": 16, "column": 25 }
        },
        "loc": {
          "start": { "line": 16, "column": 50 },
          "end": { "line": 23, "column": 1 }
        },
        "line": 16
      },
      "2": {
        "name": "(anonymous_2)",
        "decl": {
          "start": { "line": 26, "column": 27 },
          "end": { "line": 26, "column": 28 }
        },
        "loc": {
          "start": { "line": 26, "column": 53 },
          "end": { "line": 38, "column": 1 }
        },
        "line": 26
      },
      "3": {
        "name": "(anonymous_3)",
        "decl": {
          "start": { "line": 41, "column": 26 },
          "end": { "line": 41, "column": 27 }
        },
        "loc": {
          "start": { "line": 41, "column": 52 },
          "end": { "line": 53, "column": 1 }
        },
        "line": 41
      },
      "4": {
        "name": "(anonymous_4)",
        "decl": {
          "start": { "line": 56, "column": 26 },
          "end": { "line": 56, "column": 27 }
        },
        "loc": {
          "start": { "line": 56, "column": 52 },
          "end": { "line": 70, "column": 1 }
        },
        "line": 56
      }
    },
    "branchMap": {
      "0": {
        "loc": {
          "start": { "line": 29, "column": 4 },
          "end": { "line": 33, "column": 5 }
        },
        "type": "if",
        "locations": [
          {
            "start": { "line": 29, "column": 4 },
            "end": { "line": 33, "column": 5 }
          },
          { "start": {}, "end": {} }
        ],
        "line": 29
      },
      "1": {
        "loc": {
          "start": { "line": 44, "column": 4 },
          "end": { "line": 48, "column": 5 }
        },
        "type": "if",
        "locations": [
          {
            "start": { "line": 44, "column": 4 },
            "end": { "line": 48, "column": 5 }
          },
          { "start": {}, "end": {} }
        ],
        "line": 44
      },
      "2": {
        "loc": {
          "start": { "line": 59, "column": 4 },
          "end": { "line": 63, "column": 5 }
        },
        "type": "if",
        "locations": [
          {
            "start": { "line": 59, "column": 4 },
            "end": { "line": 63, "column": 5 }
          },
          { "start": {}, "end": {} }
        ],
        "line": 59
      }
    },
    "s": {
      "0": 1,
      "1": 2,
      "2": 2,
      "3": 1,
      "4": 1,
      "5": 1,
      "6": 1,
      "7": 1,
      "8": 1,
      "9": 0,
      "10": 1,
      "11": 2,
      "12": 2,
      "13": 1,
      "14": 0,
      "15": 1,
      "16": 1,
      "17": 1,
      "18": 2,
      "19": 2,
      "20": 2,
      "21": 1,
      "22": 1,
      "23": 0,
      "24": 1,
      "25": 2,
      "26": 2,
      "27": 2,
      "28": 1,
      "29": 1,
      "30": 0
    },
    "f": { "0": 2, "1": 1, "2": 2, "3": 2, "4": 2 },
    "b": { "0": [0, 1], "1": [1, 1], "2": [1, 1] },
    "inputSourceMap": null,
    "_coverageSchema": "1a1c01bbd47fc00a2c39e90264f33305004495a9",
    "hash": "b7526b0568bbc2ea7250fdbe1258f629eb8928ba"
  },
  "/Users/user/Desktop/CRUD NODE JS  (NIVEL SENIOR)/src/dtos/user/userCreate.dto.js": {
    "path": "/Users/user/Desktop/CRUD NODE JS  (NIVEL SENIOR)/src/dtos/user/userCreate.dto.js",
    "statementMap": {
      "0": {
        "start": { "line": 3, "column": 4 },
        "end": { "line": 3, "column": 29 }
      },
      "1": {
        "start": { "line": 4, "column": 4 },
        "end": { "line": 4, "column": 45 }
      },
      "2": {
        "start": { "line": 5, "column": 4 },
        "end": { "line": 5, "column": 23 }
      }
    },
    "fnMap": {
      "0": {
        "name": "(anonymous_0)",
        "decl": {
          "start": { "line": 2, "column": 2 },
          "end": { "line": 2, "column": 3 }
        },
        "loc": {
          "start": { "line": 2, "column": 38 },
          "end": { "line": 6, "column": 3 }
        },
        "line": 2
      }
    },
    "branchMap": {},
    "s": { "0": 2, "1": 2, "2": 2 },
    "f": { "0": 2 },
    "b": {},
    "inputSourceMap": null,
    "_coverageSchema": "1a1c01bbd47fc00a2c39e90264f33305004495a9",
    "hash": "41222b41192d9b4cd38b7032e15356aa1d2aef95"
  },
  "/Users/user/Desktop/CRUD NODE JS  (NIVEL SENIOR)/src/dtos/user/userResponse.dto.js": {
    "path": "/Users/user/Desktop/CRUD NODE JS  (NIVEL SENIOR)/src/dtos/user/userResponse.dto.js",
    "statementMap": {
      "0": {
        "start": { "line": 3, "column": 4 },
        "end": { "line": 3, "column": 23 }
      },
      "1": {
        "start": { "line": 4, "column": 4 },
        "end": { "line": 4, "column": 26 }
      },
      "2": {
        "start": { "line": 5, "column": 4 },
        "end": { "line": 5, "column": 28 }
      },
      "3": {
        "start": { "line": 6, "column": 4 },
        "end": { "line": 6, "column": 28 }
      },
      "4": {
        "start": { "line": 7, "column": 4 },
        "end": { "line": 7, "column": 36 }
      }
    },
    "fnMap": {
      "0": {
        "name": "(anonymous_0)",
        "decl": {
          "start": { "line": 2, "column": 2 },
          "end": { "line": 2, "column": 3 }
        },
        "loc": {
          "start": { "line": 2, "column": 20 },
          "end": { "line": 8, "column": 3 }
        },
        "line": 2
      }
    },
    "branchMap": {},
    "s": { "0": 4, "1": 4, "2": 4, "3": 4, "4": 4 },
    "f": { "0": 4 },
    "b": {},
    "inputSourceMap": null,
    "_coverageSchema": "1a1c01bbd47fc00a2c39e90264f33305004495a9",
    "hash": "3a9c1ecb42bfaa6bc2717552e23747f826cf92fb"
  },
  "/Users/user/Desktop/CRUD NODE JS  (NIVEL SENIOR)/src/dtos/user/userUpdate.dto.js": {
    "path": "/Users/user/Desktop/CRUD NODE JS  (NIVEL SENIOR)/src/dtos/user/userUpdate.dto.js",
    "statementMap": {
      "0": {
        "start": { "line": 3, "column": 4 },
        "end": { "line": 3, "column": 38 }
      },
      "1": {
        "start": { "line": 3, "column": 14 },
        "end": { "line": 3, "column": 38 }
      },
      "2": {
        "start": { "line": 4, "column": 4 },
        "end": { "line": 4, "column": 55 }
      },
      "3": {
        "start": { "line": 4, "column": 15 },
        "end": { "line": 4, "column": 55 }
      },
      "4": {
        "start": { "line": 5, "column": 4 },
        "end": { "line": 5, "column": 34 }
      },
      "5": {
        "start": { "line": 5, "column": 15 },
        "end": { "line": 5, "column": 34 }
      }
    },
    "fnMap": {
      "0": {
        "name": "(anonymous_0)",
        "decl": {
          "start": { "line": 2, "column": 2 },
          "end": { "line": 2, "column": 3 }
        },
        "loc": {
          "start": { "line": 2, "column": 38 },
          "end": { "line": 6, "column": 3 }
        },
        "line": 2
      }
    },
    "branchMap": {
      "0": {
        "loc": {
          "start": { "line": 3, "column": 4 },
          "end": { "line": 3, "column": 38 }
        },
        "type": "if",
        "locations": [
          {
            "start": { "line": 3, "column": 4 },
            "end": { "line": 3, "column": 38 }
          },
          { "start": {}, "end": {} }
        ],
        "line": 3
      },
      "1": {
        "loc": {
          "start": { "line": 4, "column": 4 },
          "end": { "line": 4, "column": 55 }
        },
        "type": "if",
        "locations": [
          {
            "start": { "line": 4, "column": 4 },
            "end": { "line": 4, "column": 55 }
          },
          { "start": {}, "end": {} }
        ],
        "line": 4
      },
      "2": {
        "loc": {
          "start": { "line": 5, "column": 4 },
          "end": { "line": 5, "column": 34 }
        },
        "type": "if",
        "locations": [
          {
            "start": { "line": 5, "column": 4 },
            "end": { "line": 5, "column": 34 }
          },
          { "start": {}, "end": {} }
        ],
        "line": 5
      }
    },
    "s": { "0": 2, "1": 0, "2": 2, "3": 0, "4": 2, "5": 2 },
    "f": { "0": 2 },
    "b": { "0": [0, 2], "1": [0, 2], "2": [2, 0] },
    "inputSourceMap": null,
    "_coverageSchema": "1a1c01bbd47fc00a2c39e90264f33305004495a9",
    "hash": "6d56b1394de8e9d2bac5c5e4b576fe7f5fe42b00"
  },
  "/Users/user/Desktop/CRUD NODE JS  (NIVEL SENIOR)/src/middlewares/errorHandler.js": {
    "path": "/Users/user/Desktop/CRUD NODE JS  (NIVEL SENIOR)/src/middlewares/errorHandler.js",
    "statementMap": {
      "0": {
        "start": { "line": 3, "column": 2 },
        "end": { "line": 3, "column": 43 }
      },
      "1": {
        "start": { "line": 5, "column": 15 },
        "end": { "line": 5, "column": 36 }
      },
      "2": {
        "start": { "line": 7, "column": 24 },
        "end": { "line": 14, "column": 3 }
      },
      "3": {
        "start": { "line": 17, "column": 2 },
        "end": { "line": 29, "column": 3 }
      },
      "4": {
        "start": { "line": 18, "column": 4 },
        "end": { "line": 18, "column": 17 }
      },
      "5": {
        "start": { "line": 19, "column": 4 },
        "end": { "line": 19, "column": 31 }
      },
      "6": {
        "start": { "line": 22, "column": 4 },
        "end": { "line": 26, "column": 5 }
      },
      "7": {
        "start": { "line": 23, "column": 6 },
        "end": { "line": 23, "column": 75 }
      },
      "8": {
        "start": { "line": 23, "column": 53 },
        "end": { "line": 23, "column": 62 }
      },
      "9": {
        "start": { "line": 25, "column": 6 },
        "end": { "line": 25, "column": 65 }
      },
      "10": {
        "start": { "line": 28, "column": 4 },
        "end": { "line": 28, "column": 47 }
      },
      "11": {
        "start": { "line": 32, "column": 2 },
        "end": { "line": 37, "column": 3 }
      },
      "12": {
        "start": { "line": 33, "column": 4 },
        "end": { "line": 33, "column": 17 }
      },
      "13": {
        "start": { "line": 34, "column": 4 },
        "end": { "line": 34, "column": 31 }
      },
      "14": {
        "start": { "line": 35, "column": 4 },
        "end": { "line": 35, "column": 100 }
      },
      "15": {
        "start": { "line": 36, "column": 4 },
        "end": { "line": 36, "column": 47 }
      },
      "16": {
        "start": { "line": 40, "column": 2 },
        "end": { "line": 45, "column": 3 }
      },
      "17": {
        "start": { "line": 41, "column": 4 },
        "end": { "line": 41, "column": 17 }
      },
      "18": {
        "start": { "line": 42, "column": 4 },
        "end": { "line": 42, "column": 31 }
      },
      "19": {
        "start": { "line": 43, "column": 4 },
        "end": { "line": 43, "column": 56 }
      },
      "20": {
        "start": { "line": 44, "column": 4 },
        "end": { "line": 44, "column": 47 }
      },
      "21": {
        "start": { "line": 47, "column": 2 },
        "end": { "line": 47, "column": 48 }
      }
    },
    "fnMap": {
      "0": {
        "name": "errorHandler",
        "decl": {
          "start": { "line": 2, "column": 24 },
          "end": { "line": 2, "column": 36 }
        },
        "loc": {
          "start": { "line": 2, "column": 58 },
          "end": { "line": 48, "column": 1 }
        },
        "line": 2
      },
      "1": {
        "name": "(anonymous_1)",
        "decl": {
          "start": { "line": 23, "column": 46 },
          "end": { "line": 23, "column": 47 }
        },
        "loc": {
          "start": { "line": 23, "column": 53 },
          "end": { "line": 23, "column": 62 }
        },
        "line": 23
      }
    },
    "branchMap": {
      "0": {
        "loc": {
          "start": { "line": 5, "column": 15 },
          "end": { "line": 5, "column": 36 }
        },
        "type": "binary-expr",
        "locations": [
          {
            "start": { "line": 5, "column": 15 },
            "end": { "line": 5, "column": 29 }
          },
          {
            "start": { "line": 5, "column": 33 },
            "end": { "line": 5, "column": 36 }
          }
        ],
        "line": 5
      },
      "1": {
        "loc": {
          "start": { "line": 10, "column": 13 },
          "end": { "line": 10, "column": 54 }
        },
        "type": "binary-expr",
        "locations": [
          {
            "start": { "line": 10, "column": 13 },
            "end": { "line": 10, "column": 24 }
          },
          {
            "start": { "line": 10, "column": 28 },
            "end": { "line": 10, "column": 54 }
          }
        ],
        "line": 10
      },
      "2": {
        "loc": {
          "start": { "line": 17, "column": 2 },
          "end": { "line": 29, "column": 3 }
        },
        "type": "if",
        "locations": [
          {
            "start": { "line": 17, "column": 2 },
            "end": { "line": 29, "column": 3 }
          },
          { "start": {}, "end": {} }
        ],
        "line": 17
      },
      "3": {
        "loc": {
          "start": { "line": 22, "column": 4 },
          "end": { "line": 26, "column": 5 }
        },
        "type": "if",
        "locations": [
          {
            "start": { "line": 22, "column": 4 },
            "end": { "line": 26, "column": 5 }
          },
          {
            "start": { "line": 24, "column": 11 },
            "end": { "line": 26, "column": 5 }
          }
        ],
        "line": 22
      },
      "4": {
        "loc": {
          "start": { "line": 25, "column": 30 },
          "end": { "line": 25, "column": 64 }
        },
        "type": "binary-expr",
        "locations": [
          {
            "start": { "line": 25, "column": 30 },
            "end": { "line": 25, "column": 41 }
          },
          {
            "start": { "line": 25, "column": 45 },
            "end": { "line": 25, "column": 64 }
          }
        ],
        "line": 25
      },
      "5": {
        "loc": {
          "start": { "line": 32, "column": 2 },
          "end": { "line": 37, "column": 3 }
        },
        "type": "if",
        "locations": [
          {
            "start": { "line": 32, "column": 2 },
            "end": { "line": 37, "column": 3 }
          },
          { "start": {}, "end": {} }
        ],
        "line": 32
      },
      "6": {
        "loc": {
          "start": { "line": 40, "column": 2 },
          "end": { "line": 45, "column": 3 }
        },
        "type": "if",
        "locations": [
          {
            "start": { "line": 40, "column": 2 },
            "end": { "line": 45, "column": 3 }
          },
          { "start": {}, "end": {} }
        ],
        "line": 40
      }
    },
    "s": {
      "0": 3,
      "1": 3,
      "2": 3,
      "3": 3,
      "4": 1,
      "5": 1,
      "6": 1,
      "7": 1,
      "8": 3,
      "9": 0,
      "10": 1,
      "11": 2,
      "12": 1,
      "13": 1,
      "14": 1,
      "15": 1,
      "16": 1,
      "17": 1,
      "18": 1,
      "19": 1,
      "20": 1,
      "21": 0
    },
    "f": { "0": 3, "1": 3 },
    "b": {
      "0": [3, 3],
      "1": [3, 0],
      "2": [1, 2],
      "3": [1, 0],
      "4": [0, 0],
      "5": [1, 1],
      "6": [1, 0]
    },
    "inputSourceMap": null,
    "_coverageSchema": "1a1c01bbd47fc00a2c39e90264f33305004495a9",
    "hash": "d552c0575b52e28d25da09cefaf9eeae71562bae"
  },
  "/Users/user/Desktop/CRUD NODE JS  (NIVEL SENIOR)/src/middlewares/validate.js": {
    "path": "/Users/user/Desktop/CRUD NODE JS  (NIVEL SENIOR)/src/middlewares/validate.js",
    "statementMap": {
      "0": {
        "start": { "line": 1, "column": 17 },
        "end": { "line": 9, "column": 1 }
      },
      "1": {
        "start": { "line": 1, "column": 29 },
        "end": { "line": 9, "column": 1 }
      },
      "2": {
        "start": { "line": 2, "column": 20 },
        "end": { "line": 2, "column": 68 }
      },
      "3": {
        "start": { "line": 3, "column": 2 },
        "end": { "line": 7, "column": 3 }
      },
      "4": {
        "start": { "line": 5, "column": 4 },
        "end": { "line": 5, "column": 35 }
      },
      "5": {
        "start": { "line": 6, "column": 4 },
        "end": { "line": 6, "column": 23 }
      },
      "6": {
        "start": { "line": 8, "column": 2 },
        "end": { "line": 8, "column": 9 }
      }
    },
    "fnMap": {
      "0": {
        "name": "(anonymous_0)",
        "decl": {
          "start": { "line": 1, "column": 17 },
          "end": { "line": 1, "column": 18 }
        },
        "loc": {
          "start": { "line": 1, "column": 29 },
          "end": { "line": 9, "column": 1 }
        },
        "line": 1
      },
      "1": {
        "name": "(anonymous_1)",
        "decl": {
          "start": { "line": 1, "column": 29 },
          "end": { "line": 1, "column": 30 }
        },
        "loc": {
          "start": { "line": 1, "column": 49 },
          "end": { "line": 9, "column": 1 }
        },
        "line": 1
      }
    },
    "branchMap": {
      "0": {
        "loc": {
          "start": { "line": 3, "column": 2 },
          "end": { "line": 7, "column": 3 }
        },
        "type": "if",
        "locations": [
          {
            "start": { "line": 3, "column": 2 },
            "end": { "line": 7, "column": 3 }
          },
          { "start": {}, "end": {} }
        ],
        "line": 3
      }
    },
    "s": { "0": 1, "1": 1, "2": 3, "3": 3, "4": 1, "5": 1, "6": 2 },
    "f": { "0": 1, "1": 3 },
    "b": { "0": [1, 2] },
    "inputSourceMap": null,
    "_coverageSchema": "1a1c01bbd47fc00a2c39e90264f33305004495a9",
    "hash": "b2eb355e56ddcec7a75a23d2334c0f61204804fe"
  },
  "/Users/user/Desktop/CRUD NODE JS  (NIVEL SENIOR)/src/models/User.js": {
    "path": "/Users/user/Desktop/CRUD NODE JS  (NIVEL SENIOR)/src/models/User.js",
    "statementMap": {
      "0": {
        "start": { "line": 3, "column": 19 },
        "end": { "line": 10, "column": 1 }
      },
      "1": {
        "start": { "line": 12, "column": 13 },
        "end": { "line": 12, "column": 47 }
      }
    },
    "fnMap": {},
    "branchMap": {},
    "s": { "0": 1, "1": 1 },
    "f": {},
    "b": {},
    "inputSourceMap": null,
    "_coverageSchema": "1a1c01bbd47fc00a2c39e90264f33305004495a9",
    "hash": "d020d63cb5b8e19c6b841465978268aef7abe473"
  },
  "/Users/user/Desktop/CRUD NODE JS  (NIVEL SENIOR)/src/repositories/userRepository.js": {
    "path": "/Users/user/Desktop/CRUD NODE JS  (NIVEL SENIOR)/src/repositories/userRepository.js",
    "statementMap": {
      "0": {
        "start": { "line": 6, "column": 4 },
        "end": { "line": 6, "column": 35 }
      },
      "1": {
        "start": { "line": 10, "column": 4 },
        "end": { "line": 10, "column": 53 }
      },
      "2": {
        "start": { "line": 14, "column": 4 },
        "end": { "line": 14, "column": 35 }
      },
      "3": {
        "start": { "line": 18, "column": 4 },
        "end": { "line": 22, "column": 7 }
      },
      "4": {
        "start": { "line": 26, "column": 4 },
        "end": { "line": 26, "column": 44 }
      }
    },
    "fnMap": {
      "0": {
        "name": "(anonymous_0)",
        "decl": {
          "start": { "line": 5, "column": 2 },
          "end": { "line": 5, "column": 3 }
        },
        "loc": {
          "start": { "line": 5, "column": 21 },
          "end": { "line": 7, "column": 3 }
        },
        "line": 5
      },
      "1": {
        "name": "(anonymous_1)",
        "decl": {
          "start": { "line": 9, "column": 2 },
          "end": { "line": 9, "column": 3 }
        },
        "loc": {
          "start": { "line": 9, "column": 18 },
          "end": { "line": 11, "column": 3 }
        },
        "line": 9
      },
      "2": {
        "name": "(anonymous_2)",
        "decl": {
          "start": { "line": 13, "column": 2 },
          "end": { "line": 13, "column": 3 }
        },
        "loc": {
          "start": { "line": 13, "column": 21 },
          "end": { "line": 15, "column": 3 }
        },
        "line": 13
      },
      "3": {
        "name": "(anonymous_3)",
        "decl": {
          "start": { "line": 17, "column": 2 },
          "end": { "line": 17, "column": 3 }
        },
        "loc": {
          "start": { "line": 17, "column": 28 },
          "end": { "line": 23, "column": 3 }
        },
        "line": 17
      },
      "4": {
        "name": "(anonymous_4)",
        "decl": {
          "start": { "line": 25, "column": 2 },
          "end": { "line": 25, "column": 3 }
        },
        "loc": {
          "start": { "line": 25, "column": 19 },
          "end": { "line": 27, "column": 3 }
        },
        "line": 25
      }
    },
    "branchMap": {},
    "s": { "0": 2, "1": 1, "2": 2, "3": 2, "4": 2 },
    "f": { "0": 2, "1": 1, "2": 2, "3": 2, "4": 2 },
    "b": {},
    "inputSourceMap": null,
    "_coverageSchema": "1a1c01bbd47fc00a2c39e90264f33305004495a9",
    "hash": "7af73ab54295c599b7cd2d2208b22df51753a432"
  },
  "/Users/user/Desktop/CRUD NODE JS  (NIVEL SENIOR)/src/routes/userRoutes.js": {
    "path": "/Users/user/Desktop/CRUD NODE JS  (NIVEL SENIOR)/src/routes/userRoutes.js",
    "statementMap": {
      "0": {
        "start": { "line": 7, "column": 15 },
        "end": { "line": 7, "column": 31 }
      },
      "1": {
        "start": { "line": 10, "column": 0 },
        "end": { "line": 10, "column": 66 }
      },
      "2": {
        "start": { "line": 11, "column": 0 },
        "end": { "line": 11, "column": 41 }
      },
      "3": {
        "start": { "line": 12, "column": 0 },
        "end": { "line": 12, "column": 47 }
      },
      "4": {
        "start": { "line": 15, "column": 0 },
        "end": { "line": 15, "column": 46 }
      },
      "5": {
        "start": { "line": 17, "column": 0 },
        "end": { "line": 17, "column": 49 }
      }
    },
    "fnMap": {},
    "branchMap": {},
    "s": { "0": 1, "1": 1, "2": 1, "3": 1, "4": 1, "5": 1 },
    "f": {},
    "b": {},
    "inputSourceMap": null,
    "_coverageSchema": "1a1c01bbd47fc00a2c39e90264f33305004495a9",
    "hash": "254fdf5cdd6c9daefa350818efc013ef60980386"
  },
  "/Users/user/Desktop/CRUD NODE JS  (NIVEL SENIOR)/src/services/userService.js": {
    "path": "/Users/user/Desktop/CRUD NODE JS  (NIVEL SENIOR)/src/services/userService.js",
    "statementMap": {
      "0": {
        "start": { "line": 8, "column": 20 },
        "end": { "line": 8, "column": 43 }
      },
      "1": {
        "start": { "line": 9, "column": 17 },
        "end": { "line": 9, "column": 53 }
      },
      "2": {
        "start": { "line": 10, "column": 4 },
        "end": { "line": 10, "column": 37 }
      },
      "3": {
        "start": { "line": 14, "column": 18 },
        "end": { "line": 14, "column": 48 }
      },
      "4": {
        "start": { "line": 15, "column": 4 },
        "end": { "line": 15, "column": 52 }
      },
      "5": {
        "start": { "line": 15, "column": 28 },
        "end": { "line": 15, "column": 50 }
      },
      "6": {
        "start": { "line": 19, "column": 17 },
        "end": { "line": 19, "column": 50 }
      },
      "7": {
        "start": { "line": 20, "column": 4 },
        "end": { "line": 20, "column": 51 }
      },
      "8": {
        "start": { "line": 24, "column": 22 },
        "end": { "line": 24, "column": 45 }
      },
      "9": {
        "start": { "line": 25, "column": 17 },
        "end": { "line": 25, "column": 59 }
      },
      "10": {
        "start": { "line": 26, "column": 4 },
        "end": { "line": 26, "column": 51 }
      },
      "11": {
        "start": { "line": 30, "column": 4 },
        "end": { "line": 30, "column": 43 }
      }
    },
    "fnMap": {
      "0": {
        "name": "(anonymous_0)",
        "decl": {
          "start": { "line": 7, "column": 2 },
          "end": { "line": 7, "column": 3 }
        },
        "loc": {
          "start": { "line": 7, "column": 25 },
          "end": { "line": 11, "column": 3 }
        },
        "line": 7
      },
      "1": {
        "name": "(anonymous_1)",
        "decl": {
          "start": { "line": 13, "column": 2 },
          "end": { "line": 13, "column": 3 }
        },
        "loc": {
          "start": { "line": 13, "column": 19 },
          "end": { "line": 16, "column": 3 }
        },
        "line": 13
      },
      "2": {
        "name": "(anonymous_2)",
        "decl": {
          "start": { "line": 15, "column": 21 },
          "end": { "line": 15, "column": 22 }
        },
        "loc": {
          "start": { "line": 15, "column": 28 },
          "end": { "line": 15, "column": 50 }
        },
        "line": 15
      },
      "3": {
        "name": "(anonymous_3)",
        "decl": {
          "start": { "line": 18, "column": 2 },
          "end": { "line": 18, "column": 3 }
        },
        "loc": {
          "start": { "line": 18, "column": 24 },
          "end": { "line": 21, "column": 3 }
        },
        "line": 18
      },
      "4": {
        "name": "(anonymous_4)",
        "decl": {
          "start": { "line": 23, "column": 2 },
          "end": { "line": 23, "column": 3 }
        },
        "loc": {
          "start": { "line": 23, "column": 29 },
          "end": { "line": 27, "column": 3 }
        },
        "line": 23
      },
      "5": {
        "name": "(anonymous_5)",
        "decl": {
          "start": { "line": 29, "column": 2 },
          "end": { "line": 29, "column": 3 }
        },
        "loc": {
          "start": { "line": 29, "column": 23 },
          "end": { "line": 31, "column": 3 }
        },
        "line": 29
      }
    },
    "branchMap": {
      "0": {
        "loc": {
          "start": { "line": 20, "column": 11 },
          "end": { "line": 20, "column": 50 }
        },
        "type": "cond-expr",
        "locations": [
          {
            "start": { "line": 20, "column": 18 },
            "end": { "line": 20, "column": 43 }
          },
          {
            "start": { "line": 20, "column": 46 },
            "end": { "line": 20, "column": 50 }
          }
        ],
        "line": 20
      },
      "1": {
        "loc": {
          "start": { "line": 26, "column": 11 },
          "end": { "line": 26, "column": 50 }
        },
        "type": "cond-expr",
        "locations": [
          {
            "start": { "line": 26, "column": 18 },
            "end": { "line": 26, "column": 43 }
          },
          {
            "start": { "line": 26, "column": 46 },
            "end": { "line": 26, "column": 50 }
          }
        ],
        "line": 26
      }
    },
    "s": {
      "0": 2,
      "1": 2,
      "2": 1,
      "3": 1,
      "4": 1,
      "5": 1,
      "6": 2,
      "7": 1,
      "8": 2,
      "9": 2,
      "10": 2,
      "11": 2
    },
    "f": { "0": 2, "1": 1, "2": 1, "3": 2, "4": 2, "5": 2 },
    "b": { "0": [1, 0], "1": [1, 1] },
    "inputSourceMap": null,
    "_coverageSchema": "1a1c01bbd47fc00a2c39e90264f33305004495a9",
    "hash": "40a4766393b61fcbc6954fb230361f5fa2e5da6c"
  },
  "/Users/user/Desktop/CRUD NODE JS  (NIVEL SENIOR)/src/validations/userValidation.js": {
    "path": "/Users/user/Desktop/CRUD NODE JS  (NIVEL SENIOR)/src/validations/userValidation.js",
    "statementMap": {
      "0": {
        "start": { "line": 3, "column": 26 },
        "end": { "line": 24, "column": 2 }
      }
    },
    "fnMap": {},
    "branchMap": {},
    "s": { "0": 1 },
    "f": {},
    "b": {},
    "inputSourceMap": null,
    "_coverageSchema": "1a1c01bbd47fc00a2c39e90264f33305004495a9",
    "hash": "973fd436f92921f5cc9d043b4029be13f7596d33"
  }
}
