TN:
SF:src/server.js
FN:31,(anonymous_0)
FNF:1
FNH:0
FNDA:0,(anonymous_0)
DA:11,1
DA:13,1
DA:16,1
DA:17,1
DA:18,1
DA:19,1
DA:22,1
DA:25,1
DA:28,1
DA:29,0
DA:30,0
DA:31,0
DA:32,0
LF:13
LH:9
BRDA:28,0,0,0
BRDA:28,0,1,1
BRDA:30,1,0,0
BRDA:30,1,1,0
BRF:4
BRH:1
end_of_record
TN:
SF:src/config/database.js
FN:4,(anonymous_0)
FNF:1
FNH:0
FNDA:0,(anonymous_0)
DA:4,1
DA:5,0
DA:6,0
DA:9,0
DA:11,0
DA:12,0
LF:6
LH:1
BRF:0
BRH:0
end_of_record
TN:
SF:src/constants/httpStatus.js
FNF:0
FNH:0
DA:2,1
LF:1
LH:1
BRF:0
BRH:0
end_of_record
TN:
SF:src/constants/index.js
FNF:0
FNH:0
LF:0
LH:0
BRF:0
BRH:0
end_of_record
TN:
SF:src/constants/messages.js
FNF:0
FNH:0
DA:2,1
LF:1
LH:1
BRF:0
BRH:0
end_of_record
TN:
SF:src/constants/roles.js
FNF:0
FNH:0
DA:2,1
LF:1
LH:1
BRF:0
BRH:0
end_of_record
TN:
SF:src/controllers/userController.js
FN:6,(anonymous_0)
FN:16,(anonymous_1)
FN:26,(anonymous_2)
FN:41,(anonymous_3)
FN:56,(anonymous_4)
FNF:5
FNH:5
FNDA:2,(anonymous_0)
FNDA:1,(anonymous_1)
FNDA:2,(anonymous_2)
FNDA:2,(anonymous_3)
FNDA:2,(anonymous_4)
DA:6,1
DA:7,2
DA:8,2
DA:9,1
DA:11,1
DA:16,1
DA:17,1
DA:18,1
DA:19,1
DA:21,0
DA:26,1
DA:27,2
DA:28,2
DA:29,1
DA:30,0
DA:34,1
DA:36,1
DA:41,1
DA:42,2
DA:43,2
DA:44,2
DA:45,1
DA:49,1
DA:51,0
DA:56,1
DA:57,2
DA:58,2
DA:59,2
DA:60,1
DA:64,1
DA:68,0
LF:31
LH:27
BRDA:29,0,0,0
BRDA:29,0,1,1
BRDA:44,1,0,1
BRDA:44,1,1,1
BRDA:59,2,0,1
BRDA:59,2,1,1
BRF:6
BRH:5
end_of_record
TN:
SF:src/dtos/user/userCreate.dto.js
FN:2,(anonymous_0)
FNF:1
FNH:1
FNDA:2,(anonymous_0)
DA:3,2
DA:4,2
DA:5,2
LF:3
LH:3
BRF:0
BRH:0
end_of_record
TN:
SF:src/dtos/user/userResponse.dto.js
FN:2,(anonymous_0)
FNF:1
FNH:1
FNDA:4,(anonymous_0)
DA:3,4
DA:4,4
DA:5,4
DA:6,4
DA:7,4
LF:5
LH:5
BRF:0
BRH:0
end_of_record
TN:
SF:src/dtos/user/userUpdate.dto.js
FN:2,(anonymous_0)
FNF:1
FNH:1
FNDA:2,(anonymous_0)
DA:3,2
DA:4,2
DA:5,2
LF:3
LH:3
BRDA:3,0,0,0
BRDA:3,0,1,2
BRDA:4,1,0,0
BRDA:4,1,1,2
BRDA:5,2,0,2
BRDA:5,2,1,0
BRF:6
BRH:3
end_of_record
TN:
SF:src/middlewares/errorHandler.js
FN:2,errorHandler
FN:23,(anonymous_1)
FNF:2
FNH:2
FNDA:3,errorHandler
FNDA:3,(anonymous_1)
DA:3,3
DA:5,3
DA:7,3
DA:17,3
DA:18,1
DA:19,1
DA:22,1
DA:23,3
DA:25,0
DA:28,1
DA:32,2
DA:33,1
DA:34,1
DA:35,1
DA:36,1
DA:40,1
DA:41,1
DA:42,1
DA:43,1
DA:44,1
DA:47,0
LF:21
LH:19
BRDA:5,0,0,3
BRDA:5,0,1,3
BRDA:10,1,0,3
BRDA:10,1,1,0
BRDA:17,2,0,1
BRDA:17,2,1,2
BRDA:22,3,0,1
BRDA:22,3,1,0
BRDA:25,4,0,0
BRDA:25,4,1,0
BRDA:32,5,0,1
BRDA:32,5,1,1
BRDA:40,6,0,1
BRDA:40,6,1,0
BRF:14
BRH:9
end_of_record
TN:
SF:src/middlewares/validate.js
FN:1,(anonymous_0)
FN:1,(anonymous_1)
FNF:2
FNH:2
FNDA:1,(anonymous_0)
FNDA:3,(anonymous_1)
DA:1,1
DA:2,3
DA:3,3
DA:5,1
DA:6,1
DA:8,2
LF:6
LH:6
BRDA:3,0,0,1
BRDA:3,0,1,2
BRF:2
BRH:2
end_of_record
TN:
SF:src/models/User.js
FNF:0
FNH:0
DA:3,1
DA:12,1
LF:2
LH:2
BRF:0
BRH:0
end_of_record
TN:
SF:src/repositories/userRepository.js
FN:5,(anonymous_0)
FN:9,(anonymous_1)
FN:13,(anonymous_2)
FN:17,(anonymous_3)
FN:25,(anonymous_4)
FNF:5
FNH:5
FNDA:2,(anonymous_0)
FNDA:1,(anonymous_1)
FNDA:2,(anonymous_2)
FNDA:2,(anonymous_3)
FNDA:2,(anonymous_4)
DA:6,2
DA:10,1
DA:14,2
DA:18,2
DA:26,2
LF:5
LH:5
BRF:0
BRH:0
end_of_record
TN:
SF:src/routes/userRoutes.js
FNF:0
FNH:0
DA:7,1
DA:10,1
DA:11,1
DA:12,1
DA:15,1
DA:17,1
LF:6
LH:6
BRF:0
BRH:0
end_of_record
TN:
SF:src/services/userService.js
FN:7,(anonymous_0)
FN:13,(anonymous_1)
FN:15,(anonymous_2)
FN:18,(anonymous_3)
FN:23,(anonymous_4)
FN:29,(anonymous_5)
FNF:6
FNH:6
FNDA:2,(anonymous_0)
FNDA:1,(anonymous_1)
FNDA:1,(anonymous_2)
FNDA:2,(anonymous_3)
FNDA:2,(anonymous_4)
FNDA:2,(anonymous_5)
DA:8,2
DA:9,2
DA:10,1
DA:14,1
DA:15,1
DA:19,2
DA:20,1
DA:24,2
DA:25,2
DA:26,2
DA:30,2
LF:11
LH:11
BRDA:20,0,0,1
BRDA:20,0,1,0
BRDA:26,1,0,1
BRDA:26,1,1,1
BRF:4
BRH:3
end_of_record
TN:
SF:src/validations/userValidation.js
FNF:0
FNH:0
DA:3,1
LF:1
LH:1
BRF:0
BRH:0
end_of_record
